[2024-12-09 18:42:53] INFO - Starting batch run.
[2024-12-09 18:42:53] INFO - Batch directory: data\batches\20241209_184253
[2024-12-09 18:42:53] INFO - Launching 20 parallel runs.
[2024-12-09 18:44:12] INFO - Renamed run directory to data\batches\20241209_184253\corn stover_to_glycerol_(5)
[2024-12-09 18:44:12] INFO - Run 5 complete. Results in data\batches\20241209_184253\corn stover_to_glycerol_(5)
[2024-12-09 18:44:13] INFO - Renamed run directory to data\batches\20241209_184253\corn stover_to_serine_(16)
[2024-12-09 18:44:13] INFO - Run 16 complete. Results in data\batches\20241209_184253\corn stover_to_serine_(16)
[2024-12-09 18:44:14] INFO - Renamed run directory to data\batches\20241209_184253\corn stover_to_acetoin_(20)
[2024-12-09 18:44:14] INFO - Run 20 complete. Results in data\batches\20241209_184253\corn stover_to_acetoin_(20)
[2024-12-09 18:44:16] INFO - Renamed run directory to data\batches\20241209_184253\corn stover_to_glycerol_(6)
[2024-12-09 18:44:16] INFO - Run 6 complete. Results in data\batches\20241209_184253\corn stover_to_glycerol_(6)
[2024-12-09 18:44:18] INFO - Renamed run directory to data\batches\20241209_184253\corn stover_to_propionic acid_(13)
[2024-12-09 18:44:18] INFO - Run 13 complete. Results in data\batches\20241209_184253\corn stover_to_propionic acid_(13)
[2024-12-09 18:44:20] INFO - Renamed run directory to data\batches\20241209_184253\corn stover_to_lactic acid_(9)
[2024-12-09 18:44:20] INFO - Run 9 complete. Results in data\batches\20241209_184253\corn stover_to_lactic acid_(9)
[2024-12-09 18:44:22] INFO - Renamed run directory to data\batches\20241209_184253\corn stover_to_glycerol_(7)
[2024-12-09 18:44:22] INFO - Run 7 complete. Results in data\batches\20241209_184253\corn stover_to_glycerol_(7)
[2024-12-09 18:44:22] INFO - Renamed run directory to data\batches\20241209_184253\corn stover_to_lactic acid_(8)
[2024-12-09 18:44:22] INFO - Run 8 complete. Results in data\batches\20241209_184253\corn stover_to_lactic acid_(8)
[2024-12-09 18:44:24] INFO - Renamed run directory to data\batches\20241209_184253\corn stover_to_serine_(15)
[2024-12-09 18:44:24] INFO - Run 15 complete. Results in data\batches\20241209_184253\corn stover_to_serine_(15)
[2024-12-09 18:44:25] INFO - Renamed run directory to data\batches\20241209_184253\corn stover_to_glycerol_(3)
[2024-12-09 18:44:25] INFO - Run 3 complete. Results in data\batches\20241209_184253\corn stover_to_glycerol_(3)
[2024-12-09 18:44:26] INFO - Renamed run directory to data\batches\20241209_184253\corn stover_to_serine_(14)
[2024-12-09 18:44:26] INFO - Run 14 complete. Results in data\batches\20241209_184253\corn stover_to_serine_(14)
[2024-12-09 18:44:26] INFO - Renamed run directory to data\batches\20241209_184253\corn stover_to_acetoin_(18)
[2024-12-09 18:44:26] INFO - Run 18 complete. Results in data\batches\20241209_184253\corn stover_to_acetoin_(18)
[2024-12-09 18:44:26] INFO - Renamed run directory to data\batches\20241209_184253\corn stover_to_lactic acid_(10)
[2024-12-09 18:44:26] INFO - Run 10 complete. Results in data\batches\20241209_184253\corn stover_to_lactic acid_(10)
[2024-12-09 18:44:27] INFO - Renamed run directory to data\batches\20241209_184253\corn stover_to_acetoin_(19)
[2024-12-09 18:44:27] INFO - Run 19 complete. Results in data\batches\20241209_184253\corn stover_to_acetoin_(19)
[2024-12-09 18:44:28] INFO - Renamed run directory to data\batches\20241209_184253\corn stover_to_3_hydroxy butyrolactone_(17)
[2024-12-09 18:44:28] INFO - Run 17 complete. Results in data\batches\20241209_184253\corn stover_to_3_hydroxy butyrolactone_(17)
[2024-12-09 18:44:28] INFO - Renamed run directory to data\batches\20241209_184253\corn stover_to_3_hydroxypropionic acid_(1)
[2024-12-09 18:44:28] INFO - Run 1 complete. Results in data\batches\20241209_184253\corn stover_to_3_hydroxypropionic acid_(1)
[2024-12-09 18:44:34] INFO - Renamed run directory to data\batches\20241209_184253\corn stover_to_3_hydroxypropionic acid_(2)
[2024-12-09 18:44:34] INFO - Run 2 complete. Results in data\batches\20241209_184253\corn stover_to_3_hydroxypropionic acid_(2)
[2024-12-09 18:44:43] INFO - Renamed run directory to data\batches\20241209_184253\corn stover_to_malonic acid_(12)
[2024-12-09 18:44:43] INFO - Run 12 complete. Results in data\batches\20241209_184253\corn stover_to_malonic acid_(12)
[2024-12-09 18:44:47] INFO - Renamed run directory to data\batches\20241209_184253\corn stover_to_glycerol_(4)
[2024-12-09 18:44:47] INFO - Run 4 complete. Results in data\batches\20241209_184253\corn stover_to_glycerol_(4)
[2024-12-09 18:44:49] INFO - Renamed run directory to data\batches\20241209_184253\corn stover_to_malonic acid_(11)
[2024-12-09 18:44:49] INFO - Run 11 complete. Results in data\batches\20241209_184253\corn stover_to_malonic acid_(11)
