[2024-12-10 18:36:10] INFO - Starting batch run.
[2024-12-10 18:36:10] INFO - Batch directory: data\batches\20241210_183610
[2024-12-10 18:36:10] INFO - Launching 10 parallel runs.
[2024-12-10 18:37:35] INFO - Renamed run directory to data\batches\20241210_183610\corn stover_to_ethanol_(3)
[2024-12-10 18:37:35] INFO - Run 3 complete. Results in data\batches\20241210_183610\corn stover_to_ethanol_(3)
[2024-12-10 18:37:38] INFO - Renamed run directory to data\batches\20241210_183610\corn stover_to_ethanol_(4)
[2024-12-10 18:37:38] INFO - Run 4 complete. Results in data\batches\20241210_183610\corn stover_to_ethanol_(4)
[2024-12-10 18:37:39] INFO - Renamed run directory to data\batches\20241210_183610\corn stover_to_ethanol_(6)
[2024-12-10 18:37:39] INFO - Run 6 complete. Results in data\batches\20241210_183610\corn stover_to_ethanol_(6)
[2024-12-10 18:37:45] INFO - Renamed run directory to data\batches\20241210_183610\corn stover_to_ethanol_(10)
[2024-12-10 18:37:45] INFO - Run 10 complete. Results in data\batches\20241210_183610\corn stover_to_ethanol_(10)
[2024-12-10 18:37:47] INFO - Renamed run directory to data\batches\20241210_183610\corn stover_to_ethanol_(7)
[2024-12-10 18:37:47] INFO - Run 7 complete. Results in data\batches\20241210_183610\corn stover_to_ethanol_(7)
[2024-12-10 18:37:49] INFO - Renamed run directory to data\batches\20241210_183610\corn stover_to_ethanol_(9)
[2024-12-10 18:37:49] INFO - Run 9 complete. Results in data\batches\20241210_183610\corn stover_to_ethanol_(9)
[2024-12-10 18:38:04] INFO - Renamed run directory to data\batches\20241210_183610\corn stover_to_ethanol_(5)
[2024-12-10 18:38:04] INFO - Run 5 complete. Results in data\batches\20241210_183610\corn stover_to_ethanol_(5)
[2024-12-10 18:38:05] INFO - Renamed run directory to data\batches\20241210_183610\corn stover_to_ethanol_(1)
[2024-12-10 18:38:05] INFO - Run 1 complete. Results in data\batches\20241210_183610\corn stover_to_ethanol_(1)
[2024-12-10 18:38:05] INFO - Renamed run directory to data\batches\20241210_183610\corn stover_to_ethanol_(2)
[2024-12-10 18:38:05] INFO - Run 2 complete. Results in data\batches\20241210_183610\corn stover_to_ethanol_(2)
[2024-12-10 18:38:14] INFO - Renamed run directory to data\batches\20241210_183610\corn stover_to_ethanol_(8)
[2024-12-10 18:38:14] INFO - Run 8 complete. Results in data\batches\20241210_183610\corn stover_to_ethanol_(8)
[2024-12-10 18:38:14] INFO - Run 8 complete. Results in data\batches\20241210_183610\corn stover_to_ethanol_(8)
[2024-12-10 18:38:14] INFO - Run 2 complete. Results in data\batches\20241210_183610\corn stover_to_ethanol_(2)
[2024-12-10 18:38:14] INFO - Run 5 complete. Results in data\batches\20241210_183610\corn stover_to_ethanol_(5)
[2024-12-10 18:38:14] INFO - Run 6 complete. Results in data\batches\20241210_183610\corn stover_to_ethanol_(6)
[2024-12-10 18:38:14] INFO - Run 1 complete. Results in data\batches\20241210_183610\corn stover_to_ethanol_(1)
[2024-12-10 18:38:14] INFO - Run 3 complete. Results in data\batches\20241210_183610\corn stover_to_ethanol_(3)
[2024-12-10 18:38:14] INFO - Run 9 complete. Results in data\batches\20241210_183610\corn stover_to_ethanol_(9)
[2024-12-10 18:38:14] INFO - Run 4 complete. Results in data\batches\20241210_183610\corn stover_to_ethanol_(4)
[2024-12-10 18:38:14] INFO - Run 7 complete. Results in data\batches\20241210_183610\corn stover_to_ethanol_(7)
[2024-12-10 18:38:14] INFO - Run 10 complete. Results in data\batches\20241210_183610\corn stover_to_ethanol_(10)
[2024-12-10 18:38:14] INFO - Batch run complete.
