[2024-12-09 21:08:43] INFO - Starting batch run.
[2024-12-09 21:08:43] INFO - Batch directory: data\batches\20241209_210843
[2024-12-09 21:08:43] INFO - Launching 23 parallel runs.
[2024-12-09 21:10:02] INFO - Renamed run directory to data\batches\20241209_210843\corn stover_to_sorbitol_(23)
[2024-12-09 21:10:02] INFO - Run 23 complete. Results in data\batches\20241209_210843\corn stover_to_sorbitol_(23)
[2024-12-09 21:10:09] INFO - Renamed run directory to data\batches\20241209_210843\corn stover_to_xylitol_(5)
[2024-12-09 21:10:09] INFO - Run 5 complete. Results in data\batches\20241209_210843\corn stover_to_xylitol_(5)
[2024-12-09 21:10:11] INFO - Renamed run directory to data\batches\20241209_210843\corn stover_to_xylitol_(7)
[2024-12-09 21:10:11] INFO - Run 7 complete. Results in data\batches\20241209_210843\corn stover_to_xylitol_(7)
[2024-12-09 21:10:11] INFO - Renamed run directory to data\batches\20241209_210843\corn stover_to_levulinic acid_(3)
[2024-12-09 21:10:11] INFO - Run 3 complete. Results in data\batches\20241209_210843\corn stover_to_levulinic acid_(3)
[2024-12-09 21:10:15] INFO - Renamed run directory to data\batches\20241209_210843\corn stover_to_citric acid_(10)
[2024-12-09 21:10:15] INFO - Run 10 complete. Results in data\batches\20241209_210843\corn stover_to_citric acid_(10)
[2024-12-09 21:10:16] INFO - Renamed run directory to data\batches\20241209_210843\corn stover_to_gluconic acid_(16)
[2024-12-09 21:10:16] INFO - Run 16 complete. Results in data\batches\20241209_210843\corn stover_to_gluconic acid_(16)
[2024-12-09 21:10:17] INFO - Renamed run directory to data\batches\20241209_210843\corn stover_to_glucaric acid_(13)
[2024-12-09 21:10:17] INFO - Run 13 complete. Results in data\batches\20241209_210843\corn stover_to_glucaric acid_(13)
[2024-12-09 21:10:18] INFO - Renamed run directory to data\batches\20241209_210843\corn stover_to_glucaric acid_(12)
[2024-12-09 21:10:18] INFO - Run 12 complete. Results in data\batches\20241209_210843\corn stover_to_glucaric acid_(12)
[2024-12-09 21:10:18] INFO - Renamed run directory to data\batches\20241209_210843\corn stover_to_lysine_(18)
[2024-12-09 21:10:18] INFO - Run 18 complete. Results in data\batches\20241209_210843\corn stover_to_lysine_(18)
[2024-12-09 21:10:19] INFO - Renamed run directory to data\batches\20241209_210843\corn stover_to_sorbitol_(20)
[2024-12-09 21:10:19] INFO - Run 20 complete. Results in data\batches\20241209_210843\corn stover_to_sorbitol_(20)
[2024-12-09 21:10:21] INFO - Renamed run directory to data\batches\20241209_210843\corn stover_to_xylitol_(6)
[2024-12-09 21:10:21] INFO - Run 6 complete. Results in data\batches\20241209_210843\corn stover_to_xylitol_(6)
[2024-12-09 21:10:21] INFO - Renamed run directory to data\batches\20241209_210843\corn stover_to_ethanol_(8)
[2024-12-09 21:10:21] INFO - Run 8 complete. Results in data\batches\20241209_210843\corn stover_to_ethanol_(8)
[2024-12-09 21:10:22] INFO - Renamed run directory to data\batches\20241209_210843\corn stover_to_sorbitol_(21)
[2024-12-09 21:10:22] INFO - Run 21 complete. Results in data\batches\20241209_210843\corn stover_to_sorbitol_(21)
[2024-12-09 21:10:27] INFO - Renamed run directory to data\batches\20241209_210843\corn stover_to_sorbitol_(22)
[2024-12-09 21:10:27] INFO - Run 22 complete. Results in data\batches\20241209_210843\corn stover_to_sorbitol_(22)
[2024-12-09 21:10:28] INFO - Renamed run directory to data\batches\20241209_210843\corn stover_to_glutamic acid_(1)
[2024-12-09 21:10:28] INFO - Run 1 complete. Results in data\batches\20241209_210843\corn stover_to_glutamic acid_(1)
[2024-12-09 21:10:29] INFO - Renamed run directory to data\batches\20241209_210843\corn stover_to_lysine_(19)
[2024-12-09 21:10:29] INFO - Run 19 complete. Results in data\batches\20241209_210843\corn stover_to_lysine_(19)
[2024-12-09 21:10:29] INFO - Renamed run directory to data\batches\20241209_210843\corn stover_to_glucaric acid_(14)
[2024-12-09 21:10:29] INFO - Run 14 complete. Results in data\batches\20241209_210843\corn stover_to_glucaric acid_(14)
[2024-12-09 21:10:32] INFO - Renamed run directory to data\batches\20241209_210843\corn stover_to_aconitic acid_(9)
[2024-12-09 21:10:32] INFO - Run 9 complete. Results in data\batches\20241209_210843\corn stover_to_aconitic acid_(9)
[2024-12-09 21:10:33] INFO - Renamed run directory to data\batches\20241209_210843\corn stover_to_citric acid_(11)
[2024-12-09 21:10:33] INFO - Run 11 complete. Results in data\batches\20241209_210843\corn stover_to_citric acid_(11)
[2024-12-09 21:10:34] INFO - Renamed run directory to data\batches\20241209_210843\corn stover_to_gluconolactone_(17)
[2024-12-09 21:10:34] INFO - Run 17 complete. Results in data\batches\20241209_210843\corn stover_to_gluconolactone_(17)
[2024-12-09 21:10:42] INFO - Renamed run directory to data\batches\20241209_210843\corn stover_to_xylitol_(4)
[2024-12-09 21:10:42] INFO - Run 4 complete. Results in data\batches\20241209_210843\corn stover_to_xylitol_(4)
[2024-12-09 21:10:45] INFO - Renamed run directory to data\batches\20241209_210843\corn stover_to_gluconic acid_(15)
[2024-12-09 21:10:45] INFO - Run 15 complete. Results in data\batches\20241209_210843\corn stover_to_gluconic acid_(15)
[2024-12-09 21:10:57] INFO - Renamed run directory to data\batches\20241209_210843\corn stover_to_itaconic acid_(2)
[2024-12-09 21:10:57] INFO - Run 2 complete. Results in data\batches\20241209_210843\corn stover_to_itaconic acid_(2)
[2024-12-09 21:10:57] INFO - Run 21 complete. Results in data\batches\20241209_210843\corn stover_to_sorbitol_(21)
[2024-12-09 21:10:57] INFO - Run 8 complete. Results in data\batches\20241209_210843\corn stover_to_ethanol_(8)
[2024-12-09 21:10:57] INFO - Run 3 complete. Results in data\batches\20241209_210843\corn stover_to_levulinic acid_(3)
[2024-12-09 21:10:57] INFO - Run 15 complete. Results in data\batches\20241209_210843\corn stover_to_gluconic acid_(15)
[2024-12-09 21:10:57] INFO - Run 23 complete. Results in data\batches\20241209_210843\corn stover_to_sorbitol_(23)
[2024-12-09 21:10:57] INFO - Run 16 complete. Results in data\batches\20241209_210843\corn stover_to_gluconic acid_(16)
[2024-12-09 21:10:57] INFO - Run 19 complete. Results in data\batches\20241209_210843\corn stover_to_lysine_(19)
[2024-12-09 21:10:57] INFO - Run 14 complete. Results in data\batches\20241209_210843\corn stover_to_glucaric acid_(14)
[2024-12-09 21:10:57] INFO - Run 6 complete. Results in data\batches\20241209_210843\corn stover_to_xylitol_(6)
[2024-12-09 21:10:57] INFO - Run 4 complete. Results in data\batches\20241209_210843\corn stover_to_xylitol_(4)
[2024-12-09 21:10:57] INFO - Run 5 complete. Results in data\batches\20241209_210843\corn stover_to_xylitol_(5)
[2024-12-09 21:10:57] INFO - Run 11 complete. Results in data\batches\20241209_210843\corn stover_to_citric acid_(11)
[2024-12-09 21:10:57] INFO - Run 13 complete. Results in data\batches\20241209_210843\corn stover_to_glucaric acid_(13)
[2024-12-09 21:10:57] INFO - Run 18 complete. Results in data\batches\20241209_210843\corn stover_to_lysine_(18)
[2024-12-09 21:10:57] INFO - Run 22 complete. Results in data\batches\20241209_210843\corn stover_to_sorbitol_(22)
[2024-12-09 21:10:57] INFO - Run 1 complete. Results in data\batches\20241209_210843\corn stover_to_glutamic acid_(1)
[2024-12-09 21:10:57] INFO - Run 7 complete. Results in data\batches\20241209_210843\corn stover_to_xylitol_(7)
[2024-12-09 21:10:57] INFO - Run 2 complete. Results in data\batches\20241209_210843\corn stover_to_itaconic acid_(2)
[2024-12-09 21:10:57] INFO - Run 12 complete. Results in data\batches\20241209_210843\corn stover_to_glucaric acid_(12)
[2024-12-09 21:10:57] INFO - Run 20 complete. Results in data\batches\20241209_210843\corn stover_to_sorbitol_(20)
[2024-12-09 21:10:57] INFO - Run 17 complete. Results in data\batches\20241209_210843\corn stover_to_gluconolactone_(17)
[2024-12-09 21:10:57] INFO - Run 10 complete. Results in data\batches\20241209_210843\corn stover_to_citric acid_(10)
[2024-12-09 21:10:57] INFO - Run 9 complete. Results in data\batches\20241209_210843\corn stover_to_aconitic acid_(9)
[2024-12-09 21:10:57] INFO - Batch run complete.
