[2024-12-09 18:45:28] INFO - Starting batch run.
[2024-12-09 18:45:28] INFO - Batch directory: data\batches\20241209_184528
[2024-12-09 18:45:28] INFO - Launching 20 parallel runs.
[2024-12-09 18:46:36] INFO - Renamed run directory to data\batches\20241209_184528\corn stover_to_fumaric acid_(4)
[2024-12-09 18:46:36] INFO - Run 4 complete. Results in data\batches\20241209_184528\corn stover_to_fumaric acid_(4)
[2024-12-09 18:46:39] INFO - Renamed run directory to data\batches\20241209_184528\corn stover_to_malic acid_(7)
[2024-12-09 18:46:39] INFO - Run 7 complete. Results in data\batches\20241209_184528\corn stover_to_malic acid_(7)
[2024-12-09 18:46:46] INFO - Renamed run directory to data\batches\20241209_184528\corn stover_to_threonine_(14)
[2024-12-09 18:46:46] INFO - Run 14 complete. Results in data\batches\20241209_184528\corn stover_to_threonine_(14)
[2024-12-09 18:46:48] INFO - Renamed run directory to data\batches\20241209_184528\corn stover_to_fumaric acid_(6)
[2024-12-09 18:46:48] INFO - Run 6 complete. Results in data\batches\20241209_184528\corn stover_to_fumaric acid_(6)
[2024-12-09 18:46:50] INFO - Renamed run directory to data\batches\20241209_184528\corn stover_to_glutamic acid_(20)
[2024-12-09 18:46:50] INFO - Run 20 complete. Results in data\batches\20241209_184528\corn stover_to_glutamic acid_(20)
[2024-12-09 18:46:50] INFO - Renamed run directory to data\batches\20241209_184528\corn stover_to_threonine_(13)
[2024-12-09 18:46:50] INFO - Run 13 complete. Results in data\batches\20241209_184528\corn stover_to_threonine_(13)
[2024-12-09 18:46:53] INFO - Renamed run directory to data\batches\20241209_184528\corn stover_to_aspartic acid_(3)
[2024-12-09 18:46:53] INFO - Run 3 complete. Results in data\batches\20241209_184528\corn stover_to_aspartic acid_(3)
[2024-12-09 18:46:54] INFO - Renamed run directory to data\batches\20241209_184528\corn stover_to_succinic acid_(9)
[2024-12-09 18:46:54] INFO - Run 9 complete. Results in data\batches\20241209_184528\corn stover_to_succinic acid_(9)
[2024-12-09 18:46:55] INFO - Renamed run directory to data\batches\20241209_184528\corn stover_to_aspartic acid_(2)
[2024-12-09 18:46:55] INFO - Run 2 complete. Results in data\batches\20241209_184528\corn stover_to_aspartic acid_(2)
[2024-12-09 18:46:58] INFO - Renamed run directory to data\batches\20241209_184528\corn stover_to_succinic acid_(10)
[2024-12-09 18:46:58] INFO - Run 10 complete. Results in data\batches\20241209_184528\corn stover_to_succinic acid_(10)
[2024-12-09 18:47:01] INFO - Renamed run directory to data\batches\20241209_184528\corn stover_to_arabitol_(17)
[2024-12-09 18:47:01] INFO - Run 17 complete. Results in data\batches\20241209_184528\corn stover_to_arabitol_(17)
[2024-12-09 18:47:03] INFO - Renamed run directory to data\batches\20241209_184528\corn stover_to_fumaric acid_(5)
[2024-12-09 18:47:03] INFO - Run 5 complete. Results in data\batches\20241209_184528\corn stover_to_fumaric acid_(5)
[2024-12-09 18:47:03] INFO - Renamed run directory to data\batches\20241209_184528\corn stover_to_succinic acid_(11)
[2024-12-09 18:47:03] INFO - Run 11 complete. Results in data\batches\20241209_184528\corn stover_to_succinic acid_(11)
[2024-12-09 18:47:04] INFO - Renamed run directory to data\batches\20241209_184528\corn stover_to_arabitol_(18)
[2024-12-09 18:47:04] INFO - Run 18 complete. Results in data\batches\20241209_184528\corn stover_to_arabitol_(18)
[2024-12-09 18:47:04] INFO - Renamed run directory to data\batches\20241209_184528\corn stover_to_arabitol_(16)
[2024-12-09 18:47:04] INFO - Run 16 complete. Results in data\batches\20241209_184528\corn stover_to_arabitol_(16)
[2024-12-09 18:47:13] INFO - Renamed run directory to data\batches\20241209_184528\corn stover_to_furfural_(19)
[2024-12-09 18:47:13] INFO - Run 19 complete. Results in data\batches\20241209_184528\corn stover_to_furfural_(19)
[2024-12-09 18:47:16] INFO - Renamed run directory to data\batches\20241209_184528\corn stover_to_aspartic acid_(1)
[2024-12-09 18:47:16] INFO - Run 1 complete. Results in data\batches\20241209_184528\corn stover_to_aspartic acid_(1)
[2024-12-09 18:47:20] INFO - Renamed run directory to data\batches\20241209_184528\corn stover_to_succinic acid_(12)
[2024-12-09 18:47:20] INFO - Run 12 complete. Results in data\batches\20241209_184528\corn stover_to_succinic acid_(12)
[2024-12-09 18:47:25] INFO - Renamed run directory to data\batches\20241209_184528\corn stover_to_arabitol_(15)
[2024-12-09 18:47:25] INFO - Run 15 complete. Results in data\batches\20241209_184528\corn stover_to_arabitol_(15)
[2024-12-09 18:47:29] INFO - Renamed run directory to data\batches\20241209_184528\corn stover_to_malic acid_(8)
[2024-12-09 18:47:29] INFO - Run 8 complete. Results in data\batches\20241209_184528\corn stover_to_malic acid_(8)
[2024-12-09 18:47:29] INFO - Run 9 complete. Results in data\batches\20241209_184528\corn stover_to_succinic acid_(9)
[2024-12-09 18:47:29] INFO - Run 2 complete. Results in data\batches\20241209_184528\corn stover_to_aspartic acid_(2)
[2024-12-09 18:47:29] INFO - Run 6 complete. Results in data\batches\20241209_184528\corn stover_to_fumaric acid_(6)
[2024-12-09 18:47:29] INFO - Run 10 complete. Results in data\batches\20241209_184528\corn stover_to_succinic acid_(10)
[2024-12-09 18:47:29] INFO - Run 13 complete. Results in data\batches\20241209_184528\corn stover_to_threonine_(13)
[2024-12-09 18:47:29] INFO - Run 16 complete. Results in data\batches\20241209_184528\corn stover_to_arabitol_(16)
[2024-12-09 18:47:29] INFO - Run 5 complete. Results in data\batches\20241209_184528\corn stover_to_fumaric acid_(5)
[2024-12-09 18:47:29] INFO - Run 1 complete. Results in data\batches\20241209_184528\corn stover_to_aspartic acid_(1)
[2024-12-09 18:47:29] INFO - Run 15 complete. Results in data\batches\20241209_184528\corn stover_to_arabitol_(15)
[2024-12-09 18:47:29] INFO - Run 3 complete. Results in data\batches\20241209_184528\corn stover_to_aspartic acid_(3)
[2024-12-09 18:47:29] INFO - Run 20 complete. Results in data\batches\20241209_184528\corn stover_to_glutamic acid_(20)
[2024-12-09 18:47:29] INFO - Run 12 complete. Results in data\batches\20241209_184528\corn stover_to_succinic acid_(12)
[2024-12-09 18:47:29] INFO - Run 17 complete. Results in data\batches\20241209_184528\corn stover_to_arabitol_(17)
[2024-12-09 18:47:29] INFO - Run 18 complete. Results in data\batches\20241209_184528\corn stover_to_arabitol_(18)
[2024-12-09 18:47:29] INFO - Run 11 complete. Results in data\batches\20241209_184528\corn stover_to_succinic acid_(11)
[2024-12-09 18:47:29] INFO - Run 14 complete. Results in data\batches\20241209_184528\corn stover_to_threonine_(14)
[2024-12-09 18:47:29] INFO - Run 4 complete. Results in data\batches\20241209_184528\corn stover_to_fumaric acid_(4)
[2024-12-09 18:47:29] INFO - Run 7 complete. Results in data\batches\20241209_184528\corn stover_to_malic acid_(7)
[2024-12-09 18:47:29] INFO - Run 19 complete. Results in data\batches\20241209_184528\corn stover_to_furfural_(19)
[2024-12-09 18:47:29] INFO - Run 8 complete. Results in data\batches\20241209_184528\corn stover_to_malic acid_(8)
[2024-12-09 18:47:29] INFO - Batch run complete.
